{"/app/src/util.tsx": {"path":"/app/src/util.tsx","statementMap":{"0":{"start":{"line":4,"column":22},"end":{"line":13,"column":1}},"1":{"start":{"line":6,"column":9},"end":{"line":6,"column":11}},"2":{"start":{"line":8,"column":1},"end":{"line":10,"column":4}},"3":{"start":{"line":9,"column":2},"end":{"line":9,"column":26}},"4":{"start":{"line":12,"column":1},"end":{"line":12,"column":10}},"5":{"start":{"line":26,"column":9},"end":{"line":26,"column":22}},"6":{"start":{"line":15,"column":22},"end":{"line":24,"column":1}},"7":{"start":{"line":17,"column":11},"end":{"line":17,"column":28}},"8":{"start":{"line":19,"column":1},"end":{"line":21,"column":null}},"9":{"start":{"line":19,"column":30},"end":{"line":19,"column":32}},"10":{"start":{"line":19,"column":33},"end":{"line":19,"column":34}},"11":{"start":{"line":20,"column":2},"end":{"line":20,"column":11}},"12":{"start":{"line":23,"column":1},"end":{"line":23,"column":10}},"13":{"start":{"line":26,"column":24},"end":{"line":26,"column":37}}},"fnMap":{"0":{"name":"(anonymous_2)","decl":{"start":{"line":4,"column":22},"end":{"line":4,"column":23}},"loc":{"start":{"line":4,"column":39},"end":{"line":13,"column":1}}},"1":{"name":"(anonymous_3)","decl":{"start":{"line":8,"column":13},"end":{"line":8,"column":14}},"loc":{"start":{"line":8,"column":14},"end":{"line":10,"column":2}}},"2":{"name":"(anonymous_4)","decl":{"start":{"line":15,"column":22},"end":{"line":15,"column":23}},"loc":{"start":{"line":15,"column":32},"end":{"line":24,"column":1}}},"3":{"name":"(anonymous_5)","decl":{"start":{"line":19,"column":27},"end":{"line":19,"column":28}},"loc":{"start":{"line":19,"column":34},"end":{"line":21,"column":2}}}},"branchMap":{},"s":{"0":1,"1":2,"2":2,"3":3,"4":2,"5":1,"6":1,"7":2,"8":2,"9":3,"10":3,"11":3,"12":2,"13":1},"f":{"0":2,"1":3,"2":2,"3":3},"b":{}}
}
